munditvime7/build/intermediates/manifest_merge_blame_file/release/manifest-merger-blame-release-report.txt
1<?xml version="1.0" encoding="utf-8"?>
2<!--
3/*
4 * Copyright 2010 Google Inc.
5 *
6 * Licensed under the Apache License, Version 2.0 (the "License");
7 * you may not use this file except in compliance with the License.
8 * You may obtain a copy of the License at
9 *
10 *      http://www.apache.org/licenses/LICENSE-2.0
11 *
12 * Unless required by applicable law or agreed to in writing, software
13 * distributed under the License is distributed on an "AS IS" BASIS,
14 * WITHOUT WARRANTIES OR CONDITIONS OF ANY KIND, either express or implied.
15 * See the License for the specific language governing permissions and
16 * limitations under the License.
17 */
18-->
19<manifest xmlns:android="http://schemas.android.com/apk/res/android"
20    package="com.munditv.ntcime"
21    android:versionCode="113"
22    android:versionName="0.9.5.10.9v0.8.2" >
23
24    <uses-sdk
25        android:minSdkVersion="19"
25-->src/main/AndroidManifest.xml
26        android:targetSdkVersion="19" />
26-->src/main/AndroidManifest.xml
27
28    <uses-permission android:name="android.permission.VIBRATE" />
28-->src/main/AndroidManifest.xml:25:5-65
28-->src/main/AndroidManifest.xml:25:22-63
29    <uses-permission android:name="android.permission.BLUETOOTH_ADMIN" />
29-->src/main/AndroidManifest.xml:26:5-73
29-->src/main/AndroidManifest.xml:26:22-71
30    <uses-permission android:name="android.permission.BLUETOOTH" />
30-->src/main/AndroidManifest.xml:27:5-67
30-->src/main/AndroidManifest.xml:27:22-65
31    <uses-permission android:name="android.permission.SYSTEM_ALERT_WINDOW" />
31-->src/main/AndroidManifest.xml:28:5-78
31-->src/main/AndroidManifest.xml:28:22-75
32
33    <application
33-->src/main/AndroidManifest.xml:30:5-45:19
34        android:icon="@drawable/icon"
34-->src/main/AndroidManifest.xml:30:51-80
35        android:label="@string/ime_name" >
35-->src/main/AndroidManifest.xml:30:18-50
36        <service
36-->src/main/AndroidManifest.xml:32:9-38:19
37            android:name="com.munditv.ntcime.ZhuyinIME"
37-->src/main/AndroidManifest.xml:32:18-42
38            android:label="@string/zhuyin_ime_name"
38-->src/main/AndroidManifest.xml:32:43-82
39            android:permission="android.permission.BIND_INPUT_METHOD" >
39-->src/main/AndroidManifest.xml:33:17-74
40            <intent-filter>
40-->src/main/AndroidManifest.xml:34:13-36:29
41                <action android:name="android.view.InputMethod" />
41-->src/main/AndroidManifest.xml:35:17-67
41-->src/main/AndroidManifest.xml:35:25-64
42            </intent-filter>
43
44            <meta-data
44-->src/main/AndroidManifest.xml:37:13-88
45                android:name="android.view.im"
45-->src/main/AndroidManifest.xml:37:24-54
46                android:resource="@xml/method" />
46-->src/main/AndroidManifest.xml:37:55-85
47        </service>
48
49        <activity
49-->src/main/AndroidManifest.xml:40:9-44:20
50            android:name="com.munditv.ntcime.ImePreferenceActivity"
50-->src/main/AndroidManifest.xml:40:19-55
51            android:label="@string/ime_name" >
51-->src/main/AndroidManifest.xml:40:56-88
52            <intent-filter>
52-->src/main/AndroidManifest.xml:41:13-43:29
53                <action android:name="android.intent.action.MAIN" />
53-->src/main/AndroidManifest.xml:42:17-68
53-->src/main/AndroidManifest.xml:42:25-66
54            </intent-filter>
55        </activity>
56    </application>
57
58</manifest>